2021-01-16 03:08:56.873030: I tensorflow/stream_executor/platform/default/dso_loader.cc:48] Successfully opened dynamic library libcudart.so.10.1
2021-01-16 03:08:57.808510: I tensorflow/stream_executor/platform/default/dso_loader.cc:48] Successfully opened dynamic library libcuda.so.1
2021-01-16 03:08:57.842864: I tensorflow/stream_executor/cuda/cuda_gpu_executor.cc:982] successful NUMA node read from SysFS had negative value (-1), but there must be at least one NUMA node, so returning NUMA node zero
2021-01-16 03:08:57.843237: I tensorflow/core/common_runtime/gpu/gpu_device.cc:1716] Found device 0 with properties: 
pciBusID: 0000:01:00.0 name: GeForce RTX 2080 Ti computeCapability: 7.5
coreClock: 1.62GHz coreCount: 68 deviceMemorySize: 10.76GiB deviceMemoryBandwidth: 573.69GiB/s
2021-01-16 03:08:57.843256: I tensorflow/stream_executor/platform/default/dso_loader.cc:48] Successfully opened dynamic library libcudart.so.10.1
2021-01-16 03:08:57.844627: I tensorflow/stream_executor/platform/default/dso_loader.cc:48] Successfully opened dynamic library libcublas.so.10
2021-01-16 03:08:57.845838: I tensorflow/stream_executor/platform/default/dso_loader.cc:48] Successfully opened dynamic library libcufft.so.10
2021-01-16 03:08:57.846054: I tensorflow/stream_executor/platform/default/dso_loader.cc:48] Successfully opened dynamic library libcurand.so.10
2021-01-16 03:08:57.847523: I tensorflow/stream_executor/platform/default/dso_loader.cc:48] Successfully opened dynamic library libcusolver.so.10
2021-01-16 03:08:57.848247: I tensorflow/stream_executor/platform/default/dso_loader.cc:48] Successfully opened dynamic library libcusparse.so.10
2021-01-16 03:08:57.851023: I tensorflow/stream_executor/platform/default/dso_loader.cc:48] Successfully opened dynamic library libcudnn.so.7
2021-01-16 03:08:57.851136: I tensorflow/stream_executor/cuda/cuda_gpu_executor.cc:982] successful NUMA node read from SysFS had negative value (-1), but there must be at least one NUMA node, so returning NUMA node zero
2021-01-16 03:08:57.851550: I tensorflow/stream_executor/cuda/cuda_gpu_executor.cc:982] successful NUMA node read from SysFS had negative value (-1), but there must be at least one NUMA node, so returning NUMA node zero
2021-01-16 03:08:57.851874: I tensorflow/core/common_runtime/gpu/gpu_device.cc:1858] Adding visible gpu devices: 0
2021-01-16 03:08:57.852103: I tensorflow/core/platform/cpu_feature_guard.cc:142] This TensorFlow binary is optimized with oneAPI Deep Neural Network Library (oneDNN)to use the following CPU instructions in performance-critical operations:  AVX2 FMA
To enable them in other operations, rebuild TensorFlow with the appropriate compiler flags.
2021-01-16 03:08:57.856521: I tensorflow/core/platform/profile_utils/cpu_utils.cc:104] CPU Frequency: 3600000000 Hz
2021-01-16 03:08:57.856689: I tensorflow/compiler/xla/service/service.cc:168] XLA service 0x55d52fcf1550 initialized for platform Host (this does not guarantee that XLA will be used). Devices:
2021-01-16 03:08:57.856705: I tensorflow/compiler/xla/service/service.cc:176]   StreamExecutor device (0): Host, Default Version
2021-01-16 03:08:58.064391: I tensorflow/stream_executor/cuda/cuda_gpu_executor.cc:982] successful NUMA node read from SysFS had negative value (-1), but there must be at least one NUMA node, so returning NUMA node zero
2021-01-16 03:08:58.064798: I tensorflow/compiler/xla/service/service.cc:168] XLA service 0x55d52fd75690 initialized for platform CUDA (this does not guarantee that XLA will be used). Devices:
2021-01-16 03:08:58.064816: I tensorflow/compiler/xla/service/service.cc:176]   StreamExecutor device (0): GeForce RTX 2080 Ti, Compute Capability 7.5
2021-01-16 03:08:58.064966: I tensorflow/stream_executor/cuda/cuda_gpu_executor.cc:982] successful NUMA node read from SysFS had negative value (-1), but there must be at least one NUMA node, so returning NUMA node zero
2021-01-16 03:08:58.065291: I tensorflow/core/common_runtime/gpu/gpu_device.cc:1716] Found device 0 with properties: 
pciBusID: 0000:01:00.0 name: GeForce RTX 2080 Ti computeCapability: 7.5
coreClock: 1.62GHz coreCount: 68 deviceMemorySize: 10.76GiB deviceMemoryBandwidth: 573.69GiB/s
2021-01-16 03:08:58.065316: I tensorflow/stream_executor/platform/default/dso_loader.cc:48] Successfully opened dynamic library libcudart.so.10.1
2021-01-16 03:08:58.065336: I tensorflow/stream_executor/platform/default/dso_loader.cc:48] Successfully opened dynamic library libcublas.so.10
2021-01-16 03:08:58.065348: I tensorflow/stream_executor/platform/default/dso_loader.cc:48] Successfully opened dynamic library libcufft.so.10
2021-01-16 03:08:58.065359: I tensorflow/stream_executor/platform/default/dso_loader.cc:48] Successfully opened dynamic library libcurand.so.10
2021-01-16 03:08:58.065370: I tensorflow/stream_executor/platform/default/dso_loader.cc:48] Successfully opened dynamic library libcusolver.so.10
2021-01-16 03:08:58.065381: I tensorflow/stream_executor/platform/default/dso_loader.cc:48] Successfully opened dynamic library libcusparse.so.10
2021-01-16 03:08:58.065393: I tensorflow/stream_executor/platform/default/dso_loader.cc:48] Successfully opened dynamic library libcudnn.so.7
2021-01-16 03:08:58.065437: I tensorflow/stream_executor/cuda/cuda_gpu_executor.cc:982] successful NUMA node read from SysFS had negative value (-1), but there must be at least one NUMA node, so returning NUMA node zero
2021-01-16 03:08:58.065774: I tensorflow/stream_executor/cuda/cuda_gpu_executor.cc:982] successful NUMA node read from SysFS had negative value (-1), but there must be at least one NUMA node, so returning NUMA node zero
2021-01-16 03:08:58.066077: I tensorflow/core/common_runtime/gpu/gpu_device.cc:1858] Adding visible gpu devices: 0
2021-01-16 03:08:58.066099: I tensorflow/stream_executor/platform/default/dso_loader.cc:48] Successfully opened dynamic library libcudart.so.10.1
2021-01-16 03:08:58.402722: I tensorflow/core/common_runtime/gpu/gpu_device.cc:1257] Device interconnect StreamExecutor with strength 1 edge matrix:
2021-01-16 03:08:58.402778: I tensorflow/core/common_runtime/gpu/gpu_device.cc:1263]      0 
2021-01-16 03:08:58.402786: I tensorflow/core/common_runtime/gpu/gpu_device.cc:1276] 0:   N 
2021-01-16 03:08:58.402997: I tensorflow/stream_executor/cuda/cuda_gpu_executor.cc:982] successful NUMA node read from SysFS had negative value (-1), but there must be at least one NUMA node, so returning NUMA node zero
2021-01-16 03:08:58.403420: I tensorflow/stream_executor/cuda/cuda_gpu_executor.cc:982] successful NUMA node read from SysFS had negative value (-1), but there must be at least one NUMA node, so returning NUMA node zero
2021-01-16 03:08:58.403724: W tensorflow/core/common_runtime/gpu/gpu_bfc_allocator.cc:39] Overriding allow_growth setting because the TF_FORCE_GPU_ALLOW_GROWTH environment variable is set. Original config value was 0.
2021-01-16 03:08:58.403747: I tensorflow/core/common_runtime/gpu/gpu_device.cc:1402] Created TensorFlow device (/job:localhost/replica:0/task:0/device:GPU:0 with 10072 MB memory) -> physical GPU (device: 0, name: GeForce RTX 2080 Ti, pci bus id: 0000:01:00.0, compute capability: 7.5)
2021-01-16 03:09:02.356740: I tensorflow/stream_executor/platform/default/dso_loader.cc:48] Successfully opened dynamic library libcudart.so.10.1
2021-01-16 03:09:03.378035: I tensorflow/stream_executor/platform/default/dso_loader.cc:48] Successfully opened dynamic library libcuda.so.1
2021-01-16 03:09:03.381428: I tensorflow/stream_executor/cuda/cuda_gpu_executor.cc:982] successful NUMA node read from SysFS had negative value (-1), but there must be at least one NUMA node, so returning NUMA node zero
2021-01-16 03:09:03.381765: I tensorflow/core/common_runtime/gpu/gpu_device.cc:1716] Found device 0 with properties: 
pciBusID: 0000:01:00.0 name: GeForce RTX 2080 Ti computeCapability: 7.5
coreClock: 1.62GHz coreCount: 68 deviceMemorySize: 10.76GiB deviceMemoryBandwidth: 573.69GiB/s
2021-01-16 03:09:03.381783: I tensorflow/stream_executor/platform/default/dso_loader.cc:48] Successfully opened dynamic library libcudart.so.10.1
2021-01-16 03:09:03.383249: I tensorflow/stream_executor/platform/default/dso_loader.cc:48] Successfully opened dynamic library libcublas.so.10
2021-01-16 03:09:03.384434: I tensorflow/stream_executor/platform/default/dso_loader.cc:48] Successfully opened dynamic library libcufft.so.10
2021-01-16 03:09:03.384661: I tensorflow/stream_executor/platform/default/dso_loader.cc:48] Successfully opened dynamic library libcurand.so.10
2021-01-16 03:09:03.386033: I tensorflow/stream_executor/platform/default/dso_loader.cc:48] Successfully opened dynamic library libcusolver.so.10
2021-01-16 03:09:03.386800: I tensorflow/stream_executor/platform/default/dso_loader.cc:48] Successfully opened dynamic library libcusparse.so.10
2021-01-16 03:09:03.389433: I tensorflow/stream_executor/platform/default/dso_loader.cc:48] Successfully opened dynamic library libcudnn.so.7
2021-01-16 03:09:03.389558: I tensorflow/stream_executor/cuda/cuda_gpu_executor.cc:982] successful NUMA node read from SysFS had negative value (-1), but there must be at least one NUMA node, so returning NUMA node zero
2021-01-16 03:09:03.389952: I tensorflow/stream_executor/cuda/cuda_gpu_executor.cc:982] successful NUMA node read from SysFS had negative value (-1), but there must be at least one NUMA node, so returning NUMA node zero
2021-01-16 03:09:03.390250: I tensorflow/core/common_runtime/gpu/gpu_device.cc:1858] Adding visible gpu devices: 0
2021-01-16 03:09:03.390465: I tensorflow/core/platform/cpu_feature_guard.cc:142] This TensorFlow binary is optimized with oneAPI Deep Neural Network Library (oneDNN)to use the following CPU instructions in performance-critical operations:  AVX2 FMA
To enable them in other operations, rebuild TensorFlow with the appropriate compiler flags.
2021-01-16 03:09:03.394847: I tensorflow/core/platform/profile_utils/cpu_utils.cc:104] CPU Frequency: 3600000000 Hz
2021-01-16 03:09:03.395016: I tensorflow/compiler/xla/service/service.cc:168] XLA service 0x563d335cc690 initialized for platform Host (this does not guarantee that XLA will be used). Devices:
2021-01-16 03:09:03.395033: I tensorflow/compiler/xla/service/service.cc:176]   StreamExecutor device (0): Host, Default Version
2021-01-16 03:09:03.445705: I tensorflow/stream_executor/cuda/cuda_gpu_executor.cc:982] successful NUMA node read from SysFS had negative value (-1), but there must be at least one NUMA node, so returning NUMA node zero
2021-01-16 03:09:03.446122: I tensorflow/compiler/xla/service/service.cc:168] XLA service 0x563d33650970 initialized for platform CUDA (this does not guarantee that XLA will be used). Devices:
2021-01-16 03:09:03.446141: I tensorflow/compiler/xla/service/service.cc:176]   StreamExecutor device (0): GeForce RTX 2080 Ti, Compute Capability 7.5
2021-01-16 03:09:03.446297: I tensorflow/stream_executor/cuda/cuda_gpu_executor.cc:982] successful NUMA node read from SysFS had negative value (-1), but there must be at least one NUMA node, so returning NUMA node zero
2021-01-16 03:09:03.446616: I tensorflow/core/common_runtime/gpu/gpu_device.cc:1716] Found device 0 with properties: 
pciBusID: 0000:01:00.0 name: GeForce RTX 2080 Ti computeCapability: 7.5
coreClock: 1.62GHz coreCount: 68 deviceMemorySize: 10.76GiB deviceMemoryBandwidth: 573.69GiB/s
2021-01-16 03:09:03.446637: I tensorflow/stream_executor/platform/default/dso_loader.cc:48] Successfully opened dynamic library libcudart.so.10.1
2021-01-16 03:09:03.446659: I tensorflow/stream_executor/platform/default/dso_loader.cc:48] Successfully opened dynamic library libcublas.so.10
2021-01-16 03:09:03.446671: I tensorflow/stream_executor/platform/default/dso_loader.cc:48] Successfully opened dynamic library libcufft.so.10
2021-01-16 03:09:03.446689: I tensorflow/stream_executor/platform/default/dso_loader.cc:48] Successfully opened dynamic library libcurand.so.10
2021-01-16 03:09:03.446700: I tensorflow/stream_executor/platform/default/dso_loader.cc:48] Successfully opened dynamic library libcusolver.so.10
2021-01-16 03:09:03.446711: I tensorflow/stream_executor/platform/default/dso_loader.cc:48] Successfully opened dynamic library libcusparse.so.10
2021-01-16 03:09:03.446722: I tensorflow/stream_executor/platform/default/dso_loader.cc:48] Successfully opened dynamic library libcudnn.so.7
2021-01-16 03:09:03.446779: I tensorflow/stream_executor/cuda/cuda_gpu_executor.cc:982] successful NUMA node read from SysFS had negative value (-1), but there must be at least one NUMA node, so returning NUMA node zero
2021-01-16 03:09:03.447111: I tensorflow/stream_executor/cuda/cuda_gpu_executor.cc:982] successful NUMA node read from SysFS had negative value (-1), but there must be at least one NUMA node, so returning NUMA node zero
2021-01-16 03:09:03.447404: I tensorflow/core/common_runtime/gpu/gpu_device.cc:1858] Adding visible gpu devices: 0
2021-01-16 03:09:03.447431: I tensorflow/stream_executor/platform/default/dso_loader.cc:48] Successfully opened dynamic library libcudart.so.10.1
2021-01-16 03:09:03.624907: I tensorflow/stream_executor/platform/default/dso_loader.cc:48] Successfully opened dynamic library libcublas.so.10
2021-01-16 03:09:03.785909: I tensorflow/stream_executor/platform/default/dso_loader.cc:48] Successfully opened dynamic library libcudnn.so.7
2021-01-16 03:09:03.811117: I tensorflow/core/common_runtime/gpu/gpu_device.cc:1257] Device interconnect StreamExecutor with strength 1 edge matrix:
2021-01-16 03:09:03.811173: I tensorflow/core/common_runtime/gpu/gpu_device.cc:1263]      0 
2021-01-16 03:09:03.811181: I tensorflow/core/common_runtime/gpu/gpu_device.cc:1276] 0:   N 
2021-01-16 03:09:03.811349: I tensorflow/stream_executor/cuda/cuda_gpu_executor.cc:982] successful NUMA node read from SysFS had negative value (-1), but there must be at least one NUMA node, so returning NUMA node zero
2021-01-16 03:09:03.811734: I tensorflow/stream_executor/cuda/cuda_gpu_executor.cc:982] successful NUMA node read from SysFS had negative value (-1), but there must be at least one NUMA node, so returning NUMA node zero
2021-01-16 03:09:03.812034: W tensorflow/core/common_runtime/gpu/gpu_bfc_allocator.cc:39] Overriding allow_growth setting because the TF_FORCE_GPU_ALLOW_GROWTH environment variable is set. Original config value was 0.
2021-01-16 03:09:03.812058: I tensorflow/core/common_runtime/gpu/gpu_device.cc:1402] Created TensorFlow device (/job:localhost/replica:0/task:0/device:GPU:0 with 9242 MB memory) -> physical GPU (device: 0, name: GeForce RTX 2080 Ti, pci bus id: 0000:01:00.0, compute capability: 7.5)
2021-01-16 03:09:08.691623: I tensorflow/stream_executor/platform/default/dso_loader.cc:48] Successfully opened dynamic library libcublas.so.10
2021-01-16 03:09:08.859497: I tensorflow/stream_executor/platform/default/dso_loader.cc:48] Successfully opened dynamic library libcudnn.so.7
2021-01-16 03:10:46.213368: I tensorflow/stream_executor/platform/default/dso_loader.cc:48] Successfully opened dynamic library libcudart.so.10.1
2021-01-16 03:10:47.294744: I tensorflow/stream_executor/platform/default/dso_loader.cc:48] Successfully opened dynamic library libcuda.so.1
2021-01-16 03:10:47.320498: I tensorflow/stream_executor/cuda/cuda_gpu_executor.cc:982] successful NUMA node read from SysFS had negative value (-1), but there must be at least one NUMA node, so returning NUMA node zero
2021-01-16 03:10:47.320834: I tensorflow/core/common_runtime/gpu/gpu_device.cc:1716] Found device 0 with properties: 
pciBusID: 0000:01:00.0 name: GeForce RTX 2080 Ti computeCapability: 7.5
coreClock: 1.62GHz coreCount: 68 deviceMemorySize: 10.76GiB deviceMemoryBandwidth: 573.69GiB/s
2021-01-16 03:10:47.320881: I tensorflow/stream_executor/platform/default/dso_loader.cc:48] Successfully opened dynamic library libcudart.so.10.1
2021-01-16 03:10:47.323068: I tensorflow/stream_executor/platform/default/dso_loader.cc:48] Successfully opened dynamic library libcublas.so.10
2021-01-16 03:10:47.325014: I tensorflow/stream_executor/platform/default/dso_loader.cc:48] Successfully opened dynamic library libcufft.so.10
2021-01-16 03:10:47.325384: I tensorflow/stream_executor/platform/default/dso_loader.cc:48] Successfully opened dynamic library libcurand.so.10
2021-01-16 03:10:47.327460: I tensorflow/stream_executor/platform/default/dso_loader.cc:48] Successfully opened dynamic library libcusolver.so.10
2021-01-16 03:10:47.328738: I tensorflow/stream_executor/platform/default/dso_loader.cc:48] Successfully opened dynamic library libcusparse.so.10
2021-01-16 03:10:47.333094: I tensorflow/stream_executor/platform/default/dso_loader.cc:48] Successfully opened dynamic library libcudnn.so.7
2021-01-16 03:10:47.333303: I tensorflow/stream_executor/cuda/cuda_gpu_executor.cc:982] successful NUMA node read from SysFS had negative value (-1), but there must be at least one NUMA node, so returning NUMA node zero
2021-01-16 03:10:47.333752: I tensorflow/stream_executor/cuda/cuda_gpu_executor.cc:982] successful NUMA node read from SysFS had negative value (-1), but there must be at least one NUMA node, so returning NUMA node zero
2021-01-16 03:10:47.334034: I tensorflow/core/common_runtime/gpu/gpu_device.cc:1858] Adding visible gpu devices: 0
2021-01-16 03:10:47.334351: I tensorflow/core/platform/cpu_feature_guard.cc:142] This TensorFlow binary is optimized with oneAPI Deep Neural Network Library (oneDNN)to use the following CPU instructions in performance-critical operations:  AVX2 FMA
To enable them in other operations, rebuild TensorFlow with the appropriate compiler flags.
2021-01-16 03:10:47.341615: I tensorflow/core/platform/profile_utils/cpu_utils.cc:104] CPU Frequency: 3600000000 Hz
2021-01-16 03:10:47.341866: I tensorflow/compiler/xla/service/service.cc:168] XLA service 0x55a51ab6cfd0 initialized for platform Host (this does not guarantee that XLA will be used). Devices:
2021-01-16 03:10:47.341889: I tensorflow/compiler/xla/service/service.cc:176]   StreamExecutor device (0): Host, Default Version
2021-01-16 03:10:47.419209: I tensorflow/stream_executor/cuda/cuda_gpu_executor.cc:982] successful NUMA node read from SysFS had negative value (-1), but there must be at least one NUMA node, so returning NUMA node zero
2021-01-16 03:10:47.419612: I tensorflow/compiler/xla/service/service.cc:168] XLA service 0x55a51abf11e0 initialized for platform CUDA (this does not guarantee that XLA will be used). Devices:
2021-01-16 03:10:47.419632: I tensorflow/compiler/xla/service/service.cc:176]   StreamExecutor device (0): GeForce RTX 2080 Ti, Compute Capability 7.5
2021-01-16 03:10:47.419791: I tensorflow/stream_executor/cuda/cuda_gpu_executor.cc:982] successful NUMA node read from SysFS had negative value (-1), but there must be at least one NUMA node, so returning NUMA node zero
2021-01-16 03:10:47.420006: I tensorflow/core/common_runtime/gpu/gpu_device.cc:1716] Found device 0 with properties: 
pciBusID: 0000:01:00.0 name: GeForce RTX 2080 Ti computeCapability: 7.5
coreClock: 1.62GHz coreCount: 68 deviceMemorySize: 10.76GiB deviceMemoryBandwidth: 573.69GiB/s
2021-01-16 03:10:47.420030: I tensorflow/stream_executor/platform/default/dso_loader.cc:48] Successfully opened dynamic library libcudart.so.10.1
2021-01-16 03:10:47.420054: I tensorflow/stream_executor/platform/default/dso_loader.cc:48] Successfully opened dynamic library libcublas.so.10
2021-01-16 03:10:47.420068: I tensorflow/stream_executor/platform/default/dso_loader.cc:48] Successfully opened dynamic library libcufft.so.10
2021-01-16 03:10:47.420081: I tensorflow/stream_executor/platform/default/dso_loader.cc:48] Successfully opened dynamic library libcurand.so.10
2021-01-16 03:10:47.420093: I tensorflow/stream_executor/platform/default/dso_loader.cc:48] Successfully opened dynamic library libcusolver.so.10
2021-01-16 03:10:47.420106: I tensorflow/stream_executor/platform/default/dso_loader.cc:48] Successfully opened dynamic library libcusparse.so.10
2021-01-16 03:10:47.420119: I tensorflow/stream_executor/platform/default/dso_loader.cc:48] Successfully opened dynamic library libcudnn.so.7
2021-01-16 03:10:47.420172: I tensorflow/stream_executor/cuda/cuda_gpu_executor.cc:982] successful NUMA node read from SysFS had negative value (-1), but there must be at least one NUMA node, so returning NUMA node zero
2021-01-16 03:10:47.420400: I tensorflow/stream_executor/cuda/cuda_gpu_executor.cc:982] successful NUMA node read from SysFS had negative value (-1), but there must be at least one NUMA node, so returning NUMA node zero
2021-01-16 03:10:47.420595: I tensorflow/core/common_runtime/gpu/gpu_device.cc:1858] Adding visible gpu devices: 0
2021-01-16 03:10:47.420618: I tensorflow/stream_executor/platform/default/dso_loader.cc:48] Successfully opened dynamic library libcudart.so.10.1
2021-01-16 03:10:47.817172: I tensorflow/core/common_runtime/gpu/gpu_device.cc:1257] Device interconnect StreamExecutor with strength 1 edge matrix:
2021-01-16 03:10:47.817212: I tensorflow/core/common_runtime/gpu/gpu_device.cc:1263]      0 
2021-01-16 03:10:47.817220: I tensorflow/core/common_runtime/gpu/gpu_device.cc:1276] 0:   N 
2021-01-16 03:10:47.817388: I tensorflow/stream_executor/cuda/cuda_gpu_executor.cc:982] successful NUMA node read from SysFS had negative value (-1), but there must be at least one NUMA node, so returning NUMA node zero
2021-01-16 03:10:47.817669: I tensorflow/stream_executor/cuda/cuda_gpu_executor.cc:982] successful NUMA node read from SysFS had negative value (-1), but there must be at least one NUMA node, so returning NUMA node zero
2021-01-16 03:10:47.817864: W tensorflow/core/common_runtime/gpu/gpu_bfc_allocator.cc:39] Overriding allow_growth setting because the TF_FORCE_GPU_ALLOW_GROWTH environment variable is set. Original config value was 0.
2021-01-16 03:10:47.817886: I tensorflow/core/common_runtime/gpu/gpu_device.cc:1402] Created TensorFlow device (/job:localhost/replica:0/task:0/device:GPU:0 with 891 MB memory) -> physical GPU (device: 0, name: GeForce RTX 2080 Ti, pci bus id: 0000:01:00.0, compute capability: 7.5)
2021-01-16 03:10:53.789737: I tensorflow/stream_executor/platform/default/dso_loader.cc:48] Successfully opened dynamic library libcublas.so.10
2021-01-16 03:10:53.982055: I tensorflow/stream_executor/platform/default/dso_loader.cc:48] Successfully opened dynamic library libcudnn.so.7
2021-01-16 03:10:55.003702: I tensorflow/stream_executor/cuda/cuda_driver.cc:775] failed to allocate 380.94M (399441920 bytes) from device: CUDA_ERROR_OUT_OF_MEMORY: out of memory
2021-01-16 03:10:55.004333: I tensorflow/stream_executor/cuda/cuda_driver.cc:775] failed to allocate 342.84M (359497728 bytes) from device: CUDA_ERROR_OUT_OF_MEMORY: out of memory
2021-01-16 03:10:55.004909: I tensorflow/stream_executor/cuda/cuda_driver.cc:775] failed to allocate 308.56M (323548160 bytes) from device: CUDA_ERROR_OUT_OF_MEMORY: out of memory
2021-01-16 03:10:55.004960: W tensorflow/core/common_runtime/bfc_allocator.cc:246] Allocator (GPU_0_bfc) ran out of memory trying to allocate 290.15MiB with freed_by_count=0. The caller indicates that this is not a failure, but may mean that there could be performance gains if more memory were available.
2021-01-16 03:10:55.008650: W tensorflow/core/common_runtime/bfc_allocator.cc:246] Allocator (GPU_0_bfc) ran out of memory trying to allocate 563.21MiB with freed_by_count=0. The caller indicates that this is not a failure, but may mean that there could be performance gains if more memory were available.
2021-01-16 03:10:55.013820: W tensorflow/core/common_runtime/bfc_allocator.cc:246] Allocator (GPU_0_bfc) ran out of memory trying to allocate 602.12MiB with freed_by_count=0. The caller indicates that this is not a failure, but may mean that there could be performance gains if more memory were available.
2021-01-16 03:10:55.014751: W tensorflow/core/common_runtime/bfc_allocator.cc:246] Allocator (GPU_0_bfc) ran out of memory trying to allocate 1.08GiB with freed_by_count=0. The caller indicates that this is not a failure, but may mean that there could be performance gains if more memory were available.
2021-01-16 03:10:57.166273: W tensorflow/core/common_runtime/bfc_allocator.cc:246] Allocator (GPU_0_bfc) ran out of memory trying to allocate 592.03MiB with freed_by_count=0. The caller indicates that this is not a failure, but may mean that there could be performance gains if more memory were available.
2021-01-16 03:10:57.169780: W tensorflow/core/common_runtime/bfc_allocator.cc:246] Allocator (GPU_0_bfc) ran out of memory trying to allocate 602.12MiB with freed_by_count=0. The caller indicates that this is not a failure, but may mean that there could be performance gains if more memory were available.
2021-01-16 03:10:57.169826: W tensorflow/core/common_runtime/bfc_allocator.cc:246] Allocator (GPU_0_bfc) ran out of memory trying to allocate 1.08GiB with freed_by_count=0. The caller indicates that this is not a failure, but may mean that there could be performance gains if more memory were available.
2021-01-16 03:10:57.177834: W tensorflow/core/common_runtime/bfc_allocator.cc:246] Allocator (GPU_0_bfc) ran out of memory trying to allocate 563.21MiB with freed_by_count=0. The caller indicates that this is not a failure, but may mean that there could be performance gains if more memory were available.
2021-01-16 03:10:57.179549: I tensorflow/stream_executor/cuda/cuda_driver.cc:775] failed to allocate 380.94M (399441920 bytes) from device: CUDA_ERROR_OUT_OF_MEMORY: out of memory
2021-01-16 03:10:57.179578: W tensorflow/core/common_runtime/bfc_allocator.cc:246] Allocator (GPU_0_bfc) ran out of memory trying to allocate 160.06MiB with freed_by_count=0. The caller indicates that this is not a failure, but may mean that there could be performance gains if more memory were available.
2021-01-16 03:10:57.182898: I tensorflow/stream_executor/cuda/cuda_driver.cc:775] failed to allocate 380.94M (399441920 bytes) from device: CUDA_ERROR_OUT_OF_MEMORY: out of memory
2021-01-16 03:10:57.182935: W tensorflow/core/common_runtime/bfc_allocator.cc:246] Allocator (GPU_0_bfc) ran out of memory trying to allocate 162.81MiB with freed_by_count=0. The caller indicates that this is not a failure, but may mean that there could be performance gains if more memory were available.
2021-01-16 03:10:57.183434: I tensorflow/stream_executor/cuda/cuda_driver.cc:775] failed to allocate 380.94M (399441920 bytes) from device: CUDA_ERROR_OUT_OF_MEMORY: out of memory
2021-01-16 03:10:57.197907: I tensorflow/stream_executor/cuda/cuda_driver.cc:775] failed to allocate 380.94M (399441920 bytes) from device: CUDA_ERROR_OUT_OF_MEMORY: out of memory
2021-01-16 03:10:57.199659: I tensorflow/stream_executor/cuda/cuda_driver.cc:775] failed to allocate 380.94M (399441920 bytes) from device: CUDA_ERROR_OUT_OF_MEMORY: out of memory
2021-01-16 03:10:57.202563: I tensorflow/stream_executor/cuda/cuda_driver.cc:775] failed to allocate 380.94M (399441920 bytes) from device: CUDA_ERROR_OUT_OF_MEMORY: out of memory
2021-01-16 03:11:43.864626: I tensorflow/stream_executor/platform/default/dso_loader.cc:48] Successfully opened dynamic library libcudart.so.10.1
2021-01-16 03:11:44.979613: I tensorflow/stream_executor/platform/default/dso_loader.cc:48] Successfully opened dynamic library libcuda.so.1
2021-01-16 03:11:45.006720: I tensorflow/stream_executor/cuda/cuda_gpu_executor.cc:982] successful NUMA node read from SysFS had negative value (-1), but there must be at least one NUMA node, so returning NUMA node zero
2021-01-16 03:11:45.006958: I tensorflow/core/common_runtime/gpu/gpu_device.cc:1716] Found device 0 with properties: 
pciBusID: 0000:01:00.0 name: GeForce RTX 2080 Ti computeCapability: 7.5
coreClock: 1.62GHz coreCount: 68 deviceMemorySize: 10.76GiB deviceMemoryBandwidth: 573.69GiB/s
2021-01-16 03:11:45.006985: I tensorflow/stream_executor/platform/default/dso_loader.cc:48] Successfully opened dynamic library libcudart.so.10.1
2021-01-16 03:11:45.008471: I tensorflow/stream_executor/platform/default/dso_loader.cc:48] Successfully opened dynamic library libcublas.so.10
2021-01-16 03:11:45.009871: I tensorflow/stream_executor/platform/default/dso_loader.cc:48] Successfully opened dynamic library libcufft.so.10
2021-01-16 03:11:45.010186: I tensorflow/stream_executor/platform/default/dso_loader.cc:48] Successfully opened dynamic library libcurand.so.10
2021-01-16 03:11:45.011671: I tensorflow/stream_executor/platform/default/dso_loader.cc:48] Successfully opened dynamic library libcusolver.so.10
2021-01-16 03:11:45.012444: I tensorflow/stream_executor/platform/default/dso_loader.cc:48] Successfully opened dynamic library libcusparse.so.10
2021-01-16 03:11:45.015202: I tensorflow/stream_executor/platform/default/dso_loader.cc:48] Successfully opened dynamic library libcudnn.so.7
2021-01-16 03:11:45.015358: I tensorflow/stream_executor/cuda/cuda_gpu_executor.cc:982] successful NUMA node read from SysFS had negative value (-1), but there must be at least one NUMA node, so returning NUMA node zero
2021-01-16 03:11:45.015638: I tensorflow/stream_executor/cuda/cuda_gpu_executor.cc:982] successful NUMA node read from SysFS had negative value (-1), but there must be at least one NUMA node, so returning NUMA node zero
2021-01-16 03:11:45.015817: I tensorflow/core/common_runtime/gpu/gpu_device.cc:1858] Adding visible gpu devices: 0
2021-01-16 03:11:45.016054: I tensorflow/core/platform/cpu_feature_guard.cc:142] This TensorFlow binary is optimized with oneAPI Deep Neural Network Library (oneDNN)to use the following CPU instructions in performance-critical operations:  AVX2 FMA
To enable them in other operations, rebuild TensorFlow with the appropriate compiler flags.
2021-01-16 03:11:45.020775: I tensorflow/core/platform/profile_utils/cpu_utils.cc:104] CPU Frequency: 3600000000 Hz
2021-01-16 03:11:45.021004: I tensorflow/compiler/xla/service/service.cc:168] XLA service 0x555d722d0a20 initialized for platform Host (this does not guarantee that XLA will be used). Devices:
2021-01-16 03:11:45.021024: I tensorflow/compiler/xla/service/service.cc:176]   StreamExecutor device (0): Host, Default Version
2021-01-16 03:11:45.089212: I tensorflow/stream_executor/cuda/cuda_gpu_executor.cc:982] successful NUMA node read from SysFS had negative value (-1), but there must be at least one NUMA node, so returning NUMA node zero
2021-01-16 03:11:45.090731: I tensorflow/compiler/xla/service/service.cc:168] XLA service 0x555d72354b60 initialized for platform CUDA (this does not guarantee that XLA will be used). Devices:
2021-01-16 03:11:45.090769: I tensorflow/compiler/xla/service/service.cc:176]   StreamExecutor device (0): GeForce RTX 2080 Ti, Compute Capability 7.5
2021-01-16 03:11:45.090983: I tensorflow/stream_executor/cuda/cuda_gpu_executor.cc:982] successful NUMA node read from SysFS had negative value (-1), but there must be at least one NUMA node, so returning NUMA node zero
2021-01-16 03:11:45.091211: I tensorflow/core/common_runtime/gpu/gpu_device.cc:1716] Found device 0 with properties: 
pciBusID: 0000:01:00.0 name: GeForce RTX 2080 Ti computeCapability: 7.5
coreClock: 1.62GHz coreCount: 68 deviceMemorySize: 10.76GiB deviceMemoryBandwidth: 573.69GiB/s
2021-01-16 03:11:45.091234: I tensorflow/stream_executor/platform/default/dso_loader.cc:48] Successfully opened dynamic library libcudart.so.10.1
2021-01-16 03:11:45.091257: I tensorflow/stream_executor/platform/default/dso_loader.cc:48] Successfully opened dynamic library libcublas.so.10
2021-01-16 03:11:45.091269: I tensorflow/stream_executor/platform/default/dso_loader.cc:48] Successfully opened dynamic library libcufft.so.10
2021-01-16 03:11:45.091281: I tensorflow/stream_executor/platform/default/dso_loader.cc:48] Successfully opened dynamic library libcurand.so.10
2021-01-16 03:11:45.091292: I tensorflow/stream_executor/platform/default/dso_loader.cc:48] Successfully opened dynamic library libcusolver.so.10
2021-01-16 03:11:45.091302: I tensorflow/stream_executor/platform/default/dso_loader.cc:48] Successfully opened dynamic library libcusparse.so.10
2021-01-16 03:11:45.091313: I tensorflow/stream_executor/platform/default/dso_loader.cc:48] Successfully opened dynamic library libcudnn.so.7
2021-01-16 03:11:45.091373: I tensorflow/stream_executor/cuda/cuda_gpu_executor.cc:982] successful NUMA node read from SysFS had negative value (-1), but there must be at least one NUMA node, so returning NUMA node zero
2021-01-16 03:11:45.091581: I tensorflow/stream_executor/cuda/cuda_gpu_executor.cc:982] successful NUMA node read from SysFS had negative value (-1), but there must be at least one NUMA node, so returning NUMA node zero
2021-01-16 03:11:45.091756: I tensorflow/core/common_runtime/gpu/gpu_device.cc:1858] Adding visible gpu devices: 0
2021-01-16 03:11:45.091782: I tensorflow/stream_executor/platform/default/dso_loader.cc:48] Successfully opened dynamic library libcudart.so.10.1
Traceback (most recent call last):
  File "game_main_train.py", line 186, in <module>
    game = Game(round=1000)
  File "game_main_train.py", line 16, in __init__
    self.players.append(player.Player(i, players[i]))
  File "/cloud/resnet_train/majiangAI/player.py", line 21, in __init__
    self.out_agent = ddqn.DDQNAgent(34 * 6 + 6, 34, 'out')  # 打牌模型 0-33
  File "/cloud/resnet_train/majiangAI/ddqn.py", line 23, in __init__
    self.model = self._build_model()
  File "/cloud/resnet_train/majiangAI/ddqn.py", line 48, in _build_model
    model = resnet.resnet18(self.action_size)
  File "/cloud/resnet_train/majiangAI/resnet.py", line 80, in resnet18
    return ResNet([2, 2, 2, 2],num_classes=classes)
  File "/cloud/resnet_train/majiangAI/resnet.py", line 39, in __init__
    super(ResNet, self).__init__()
  File "/environment/python/versions/3.7.4/lib/python3.7/site-packages/tensorflow/python/training/tracking/base.py", line 457, in _method_wrapper
    result = method(self, *args, **kwargs)
  File "/environment/python/versions/3.7.4/lib/python3.7/site-packages/tensorflow/python/keras/engine/training.py", line 308, in __init__
    self._init_batch_counters()
  File "/environment/python/versions/3.7.4/lib/python3.7/site-packages/tensorflow/python/training/tracking/base.py", line 457, in _method_wrapper
    result = method(self, *args, **kwargs)
  File "/environment/python/versions/3.7.4/lib/python3.7/site-packages/tensorflow/python/keras/engine/training.py", line 317, in _init_batch_counters
    self._train_counter = variables.Variable(0, dtype='int64', aggregation=agg)
  File "/environment/python/versions/3.7.4/lib/python3.7/site-packages/tensorflow/python/ops/variables.py", line 262, in __call__
    return cls._variable_v2_call(*args, **kwargs)
  File "/environment/python/versions/3.7.4/lib/python3.7/site-packages/tensorflow/python/ops/variables.py", line 256, in _variable_v2_call
    shape=shape)
  File "/environment/python/versions/3.7.4/lib/python3.7/site-packages/tensorflow/python/ops/variables.py", line 237, in <lambda>
    previous_getter = lambda **kws: default_variable_creator_v2(None, **kws)
  File "/environment/python/versions/3.7.4/lib/python3.7/site-packages/tensorflow/python/ops/variable_scope.py", line 2646, in default_variable_creator_v2
    shape=shape)
  File "/environment/python/versions/3.7.4/lib/python3.7/site-packages/tensorflow/python/ops/variables.py", line 264, in __call__
    return super(VariableMetaclass, cls).__call__(*args, **kwargs)
  File "/environment/python/versions/3.7.4/lib/python3.7/site-packages/tensorflow/python/ops/resource_variable_ops.py", line 1518, in __init__
    distribute_strategy=distribute_strategy)
  File "/environment/python/versions/3.7.4/lib/python3.7/site-packages/tensorflow/python/ops/resource_variable_ops.py", line 1652, in _init_from_args
    name="initial_value", dtype=dtype)
  File "/environment/python/versions/3.7.4/lib/python3.7/site-packages/tensorflow/python/framework/ops.py", line 1499, in convert_to_tensor
    ret = conversion_func(value, dtype=dtype, name=name, as_ref=as_ref)
  File "/environment/python/versions/3.7.4/lib/python3.7/site-packages/tensorflow/python/framework/tensor_conversion_registry.py", line 52, in _default_conversion_function
    return constant_op.constant(value, dtype, name=name)
  File "/environment/python/versions/3.7.4/lib/python3.7/site-packages/tensorflow/python/framework/constant_op.py", line 264, in constant
    allow_broadcast=True)
  File "/environment/python/versions/3.7.4/lib/python3.7/site-packages/tensorflow/python/framework/constant_op.py", line 275, in _constant_impl
    return _constant_eager_impl(ctx, value, dtype, shape, verify_shape)
  File "/environment/python/versions/3.7.4/lib/python3.7/site-packages/tensorflow/python/framework/constant_op.py", line 300, in _constant_eager_impl
    t = convert_to_eager_tensor(value, ctx, dtype)
  File "/environment/python/versions/3.7.4/lib/python3.7/site-packages/tensorflow/python/framework/constant_op.py", line 97, in convert_to_eager_tensor
    ctx.ensure_initialized()
  File "/environment/python/versions/3.7.4/lib/python3.7/site-packages/tensorflow/python/eager/context.py", line 539, in ensure_initialized
    context_handle = pywrap_tfe.TFE_NewContext(opts)
tensorflow.python.framework.errors_impl.InternalError: CUDA runtime implicit initialization on GPU:0 failed. Status: out of memory
